2025-11-09 01:32:31.659 +03:00 [INF] Executed DbCommand (42ms) [Parameters=[], CommandType='"Text"', CommandTimeout='30']
SELECT CASE WHEN COUNT(*) = 0 THEN FALSE ELSE TRUE END
FROM pg_class AS cls
JOIN pg_namespace AS ns ON ns.oid = cls.relnamespace
WHERE
        cls.relkind IN ('r', 'v', 'm', 'f', 'p') AND
        ns.nspname NOT IN ('pg_catalog', 'information_schema') AND
        -- Exclude tables which are members of PG extensions
        NOT EXISTS (
            SELECT 1 FROM pg_depend WHERE
                classid=(
                    SELECT cls.oid
                    FROM pg_class AS cls
                             JOIN pg_namespace AS ns ON ns.oid = cls.relnamespace
                    WHERE relname='pg_class' AND ns.nspname='pg_catalog'
                ) AND
                objid=cls.oid AND
                deptype IN ('e', 'x')
        )
2025-11-09 01:32:31.701 +03:00 [INF] Starting DM web application
2025-11-09 01:32:31.721 +03:00 [WRN] Using an in-memory repository. Keys will not be persisted to storage.
2025-11-09 01:32:31.721 +03:00 [WRN] Neither user profile nor HKLM registry available. Using an ephemeral key repository. Protected data will be unavailable when application exits.
2025-11-09 01:32:31.731 +03:00 [INF] Creating key {2424e9d9-320f-437e-86a6-b72a10176aaa} with creation date 2025-11-08 22:32:31Z, activation date 2025-11-08 22:32:31Z, and expiration date 2026-02-06 22:32:31Z.
2025-11-09 01:32:31.750 +03:00 [WRN] No XML encryptor configured. Key {2424e9d9-320f-437e-86a6-b72a10176aaa} may be persisted to storage in unencrypted form.
2025-11-09 01:32:31.790 +03:00 [INF] Application started. Press Ctrl+C to shut down.
2025-11-09 01:32:31.790 +03:00 [INF] Hosting environment: Production
2025-11-09 01:32:31.790 +03:00 [INF] Content root path: D:\Delivery Publish
2025-11-09 01:32:31.799 +03:00 [INF] Request starting HTTP/1.1 GET http://localhost:82/swagger/v1/swagger.json - null null
2025-11-09 01:32:31.971 +03:00 [INF] Request finished HTTP/1.1 GET http://localhost:82/swagger/v1/swagger.json - 200 null application/json;charset=utf-8 173.0438ms
2025-11-09 01:53:26.271 +03:00 [INF] Application is shutting down...
2025-11-09 02:03:25.496 +03:00 [INF] Executed DbCommand (35ms) [Parameters=[], CommandType='"Text"', CommandTimeout='30']
SELECT CASE WHEN COUNT(*) = 0 THEN FALSE ELSE TRUE END
FROM pg_class AS cls
JOIN pg_namespace AS ns ON ns.oid = cls.relnamespace
WHERE
        cls.relkind IN ('r', 'v', 'm', 'f', 'p') AND
        ns.nspname NOT IN ('pg_catalog', 'information_schema') AND
        -- Exclude tables which are members of PG extensions
        NOT EXISTS (
            SELECT 1 FROM pg_depend WHERE
                classid=(
                    SELECT cls.oid
                    FROM pg_class AS cls
                             JOIN pg_namespace AS ns ON ns.oid = cls.relnamespace
                    WHERE relname='pg_class' AND ns.nspname='pg_catalog'
                ) AND
                objid=cls.oid AND
                deptype IN ('e', 'x')
        )
2025-11-09 02:03:25.528 +03:00 [INF] Starting DM web application
2025-11-09 02:03:25.539 +03:00 [WRN] Using an in-memory repository. Keys will not be persisted to storage.
2025-11-09 02:03:25.539 +03:00 [WRN] Neither user profile nor HKLM registry available. Using an ephemeral key repository. Protected data will be unavailable when application exits.
2025-11-09 02:03:25.547 +03:00 [INF] Creating key {23f54685-c097-4298-b1c3-332d880fe0d2} with creation date 2025-11-08 23:03:25Z, activation date 2025-11-08 23:03:25Z, and expiration date 2026-02-06 23:03:25Z.
2025-11-09 02:03:25.551 +03:00 [WRN] No XML encryptor configured. Key {23f54685-c097-4298-b1c3-332d880fe0d2} may be persisted to storage in unencrypted form.
2025-11-09 02:03:25.571 +03:00 [INF] Application started. Press Ctrl+C to shut down.
2025-11-09 02:03:25.572 +03:00 [INF] Hosting environment: Production
2025-11-09 02:03:25.572 +03:00 [INF] Content root path: D:\Delivery Publish
2025-11-09 02:03:25.578 +03:00 [INF] Request starting HTTP/1.1 GET http://localhost:82/swagger/index.html - null null
2025-11-09 02:03:25.644 +03:00 [INF] Request finished HTTP/1.1 GET http://localhost:82/swagger/index.html - 200 null text/html;charset=utf-8 66.2834ms
2025-11-09 02:03:25.814 +03:00 [INF] Request starting HTTP/1.1 GET http://localhost:82/swagger/v1/swagger.json - null null
2025-11-09 02:03:25.929 +03:00 [INF] Request finished HTTP/1.1 GET http://localhost:82/swagger/v1/swagger.json - 200 null application/json;charset=utf-8 114.9011ms
2025-11-09 02:24:24.118 +03:00 [INF] Application is shutting down...
