2025-11-20 00:54:19.466 +03:00 [INF] Application is shutting down...
2025-11-20 00:55:07.460 +03:00 [INF] Executed DbCommand (44ms) [Parameters=[], CommandType='"Text"', CommandTimeout='30']
SELECT CASE WHEN COUNT(*) = 0 THEN FALSE ELSE TRUE END
FROM pg_class AS cls
JOIN pg_namespace AS ns ON ns.oid = cls.relnamespace
WHERE
        cls.relkind IN ('r', 'v', 'm', 'f', 'p') AND
        ns.nspname NOT IN ('pg_catalog', 'information_schema') AND
        -- Exclude tables which are members of PG extensions
        NOT EXISTS (
            SELECT 1 FROM pg_depend WHERE
                classid=(
                    SELECT cls.oid
                    FROM pg_class AS cls
                             JOIN pg_namespace AS ns ON ns.oid = cls.relnamespace
                    WHERE relname='pg_class' AND ns.nspname='pg_catalog'
                ) AND
                objid=cls.oid AND
                deptype IN ('e', 'x')
        )
2025-11-20 00:55:07.504 +03:00 [INF] Starting DM web application
2025-11-20 00:55:07.522 +03:00 [INF] User profile is available. Using 'C:\Users\Bcc\AppData\Local\ASP.NET\DataProtection-Keys' as key repository and Windows DPAPI to encrypt keys at rest.
2025-11-20 00:55:07.598 +03:00 [INF] Now listening on: http://localhost:7000
2025-11-20 00:55:07.600 +03:00 [INF] Application started. Press Ctrl+C to shut down.
2025-11-20 00:55:07.602 +03:00 [INF] Hosting environment: Production
2025-11-20 00:55:07.602 +03:00 [INF] Content root path: D:\Delivery Publish
2025-11-20 00:55:43.751 +03:00 [INF] Request starting HTTP/1.1 GET http://localhost:7000/swagger/index.html - null null
2025-11-20 00:55:43.853 +03:00 [INF] Request finished HTTP/1.1 GET http://localhost:7000/swagger/index.html - 200 null text/html;charset=utf-8 103.544ms
2025-11-20 00:55:44.162 +03:00 [INF] Request starting HTTP/1.1 GET http://localhost:7000/swagger/v1/swagger.json - null null
2025-11-20 00:55:44.315 +03:00 [INF] Request finished HTTP/1.1 GET http://localhost:7000/swagger/v1/swagger.json - 200 null application/json;charset=utf-8 153.1173ms
